<?xml version="1.0" encoding="UTF-8"?>
<testng-results ignored="0" total="1" passed="1" failed="0" skipped="0">
  <reporter-output>
  </reporter-output>
  <suite started-at="2024-07-07T07:12:35 IST" name="Default suite" finished-at="2024-07-07T07:12:42 IST" duration-ms="7129">
    <groups>
    </groups>
    <test started-at="2024-07-07T07:12:35 IST" name="Default test" finished-at="2024-07-07T07:12:42 IST" duration-ms="7129">
      <class name="test3.Snapdeal">
        <test-method is-config="true" signature="bt()[pri:0, instance:test3.Snapdeal@f78a47e]" started-at="2024-07-07T07:12:35 IST" name="bt" finished-at="2024-07-07T07:12:41 IST" duration-ms="5886" status="PASS">
          <reporter-output>
          </reporter-output>
        </test-method> <!-- bt -->
        <test-method signature="t1()[pri:0, instance:test3.Snapdeal@f78a47e]" started-at="2024-07-07T07:12:41 IST" name="t1" finished-at="2024-07-07T07:12:42 IST" duration-ms="1167" status="PASS">
          <reporter-output>
          </reporter-output>
        </test-method> <!-- t1 -->
      </class> <!-- test3.Snapdeal -->
    </test> <!-- Default test -->
  </suite> <!-- Default suite -->
</testng-results>
